Avvio di sampleAppServer (Open Liberty 21.0.0.1/wlp-1.0.48.cl210120210113-1459) su Java HotSpot(TM) 64-Bit Server VM, versione 1.8.0_131-b11 (it_IT)
[AUDIT   ] CWWKE0001I: Il server sampleAppServer è stato avviato.
[AUDIT   ] CWWKG0093A: Elaborazione risorsa di drop-in di configurazione: C:\Esperimenti\sample-getting-started\target\liberty\wlp\usr\servers\sampleAppServer\configDropins\overrides\liberty-plugin-variable-config.xml
[AUDIT   ] CWWKZ0058I: Monitoraggio di dropins per rilevare eventuali applicazioni.
[AUDIT   ] CWWKT0016I: Applicazione Web disponibile (default_host): http://laptop-hoomlnrg.lan:9080/ibm/api/
[AUDIT   ] CWWKT0016I: Applicazione Web disponibile (default_host): http://laptop-hoomlnrg.lan:9080/metrics/
[AUDIT   ] CWWKT0016I: Applicazione Web disponibile (default_host): http://laptop-hoomlnrg.lan:9080/health/
[AUDIT   ] CWWKT0016I: Applicazione Web disponibile (default_host): http://laptop-hoomlnrg.lan:9080/
[AUDIT   ] CWWKZ0001I: Applicazione io.openliberty.sample.getting.started avviata in 1,251 secondi.
[AUDIT   ] CWWKF0012I: Il server ha installato le seguenti funzioni: [cdi-2.0, distributedMap-1.0, jaxrs-2.1, jaxrsClient-2.1, jndi-1.0, json-1.0, jsonp-1.1, monitor-1.0, mpConfig-1.4, mpHealth-2.2, mpMetrics-2.3, servlet-4.0, ssl-1.0].
[AUDIT   ] CWWKF0011I: Il server sampleAppServer è pronto per "un pianeta più intelligente". Server sampleAppServer avviato in 6,700 secondi.
[AUDIT   ] CWWKT0017I: Applicazione Web rimossa (default_host): http://laptop-hoomlnrg.lan:9080/
[AUDIT   ] CWWKZ0009I: Applicazione io.openliberty.sample.getting.started arrestata correttamente.
[AUDIT   ] CWWKT0016I: Applicazione Web disponibile (default_host): http://laptop-hoomlnrg.lan:9080/
[AUDIT   ] CWWKZ0003I: L'applicazione io.openliberty.sample.getting.started è stata aggiornata in 0,304 secondi.
[AUDIT   ] CWWKE0055I: Arresto del server richiesto il sabato 23 gennaio 2021 alle 15.16. Il server sampleAppServer è in fase di arresto.
[AUDIT   ] CWWKE1100I: Si attenderanno 30 secondi perché il server passi in stato quiesce.
[AUDIT   ] CWWKT0017I: Applicazione Web rimossa (default_host): http://laptop-hoomlnrg.lan:9080/metrics/
[AUDIT   ] CWWKT0017I: Applicazione Web rimossa (default_host): http://laptop-hoomlnrg.lan:9080/health/
[AUDIT   ] CWWKT0017I: Applicazione Web rimossa (default_host): http://laptop-hoomlnrg.lan:9080/
[AUDIT   ] CWWKT0017I: Applicazione Web rimossa (default_host): http://laptop-hoomlnrg.lan:9080/ibm/api/
[AUDIT   ] CWWKZ0009I: Applicazione io.openliberty.sample.getting.started arrestata correttamente.
[AUDIT   ] CWWKE0036I: Il server sampleAppServer è stato arrestato dopo 1 minuti, 6,893 secondi.
