********************************************************************************
product = Open Liberty 21.0.0.1 (wlp-1.0.48.cl210120210113-1459)
wlp.install.dir = C:/Esperimenti/sample-getting-started/target/liberty/wlp/
java.home = C:\Oracle\Middleware12.2.1.3\oracle_common\jdk\jre
java.version = 1.8.0_131
java.runtime = Java(TM) SE Runtime Environment (1.8.0_131-b11)
os = Windows 10 (10.0; amd64) (it_IT)
process = 11144@LAPTOP-HOOMLNRG
********************************************************************************
[16/02/21 16.51.07:638 CET] 00000001 com.ibm.ws.kernel.launch.internal.FrameworkManager           A CWWKE0001I: Il server sampleAppServer è stato avviato.
[16/02/21 16.51.09:062 CET] 00000015 com.ibm.ws.config.xml.internal.ServerXMLConfiguration        A CWWKG0093A: Elaborazione risorsa di drop-in di configurazione: C:\Esperimenti\sample-getting-started\target\liberty\wlp\usr\servers\sampleAppServer\configDropins\overrides\liberty-plugin-variable-config.xml
[16/02/21 16.51.09:176 CET] 00000001 com.ibm.ws.kernel.launch.internal.FrameworkManager           I CWWKE0002I: Kernel avviato dopo 1,791 secondi
[16/02/21 16.51.09:211 CET] 00000020 com.ibm.ws.kernel.feature.internal.FeatureManager            I CWWKF0007I: Aggiornamento funzioni avviato.
[16/02/21 16.51.09:489 CET] 00000015 .apache.cxf.cxf.core.3.2:1.0.48.cl210120210113-1459(id=177)] I Aries Blueprint packages not available. So namespaces will not be registered
[16/02/21 16.51.09:516 CET] 00000014 com.ibm.ws.security.ready.internal.SecurityReadyServiceImpl  I CWWKS0007I: Il servizio di sicurezza è in fase di avvio...
[16/02/21 16.51.09:719 CET] 00000017 com.ibm.ws.cache.ServerCache                                 I DYNA1001I: L'istanza della cache dinamica WebSphere denominata baseCache è stata inizializzata correttamente.
[16/02/21 16.51.09:721 CET] 00000017 com.ibm.ws.cache.ServerCache                                 I DYNA1071I: Si sta utilizzando il provider della cache default.
[16/02/21 16.51.09:722 CET] 00000017 com.ibm.ws.cache.CacheServiceImpl                            I DYNA1056I: La cache dinamica (cache degli oggetti) è stata inizializzata correttamente.
[16/02/21 16.51.09:762 CET] 00000015 com.ibm.ws.app.manager.internal.monitor.DropinMonitor        A CWWKZ0058I: Monitoraggio di dropins per rilevare eventuali applicazioni.
[16/02/21 16.51.11:087 CET] 00000014 ibm.ws.security.authentication.internal.jaas.JAASServiceImpl I CWWKS1123I: Il plug-in di autenticazione collective con il nome classe NullCollectiveAuthenticationPlugin è stato attivato. 
[16/02/21 16.51.11:930 CET] 00000030 com.ibm.ws.security.token.ltpa.internal.LTPAKeyCreateTask    I CWWKS4105I: La configurazione LTPA è pronta dopo 0,857 secondi.
[16/02/21 16.51.11:956 CET] 0000001c com.ibm.ws.ssl.config.WSKeyStore                             I Successfully loaded default keystore: C:/Esperimenti/sample-getting-started/target/liberty/wlp/usr/servers/sampleAppServer/resources/security/key.p12 of type: PKCS12
[16/02/21 16.51.12:030 CET] 00000014 com.ibm.ws.session.WASSessionCore                            I SESN8501I: Il gestore sessioni non ha trovato una ubicazione di storage persistente; gli oggetti HttpSession sono memorizzati nella memoria del server delle applicazioni locale.
[16/02/21 16.51.12:306 CET] 00000014 om.ibm.ws.microprofile.metrics.monitor.MonitorMetricsHandler I CWPMI2003I: Le metriche di monitoraggio possono essere richiamate tramite mpMetrics.
[16/02/21 16.51.12:621 CET] 00000026 com.ibm.ws.app.manager.AppMessageHelper                      I CWWKZ0018I: Avvio dell'applicazione io.openliberty.sample.getting.started.
[16/02/21 16.51.12:622 CET] 00000026 bm.ws.app.manager.war.internal.WARDeployedAppInfoFactoryImpl I CWWKZ0134I: L'applicazione io.openliberty.sample.getting.started sta utilizzando la definizione applicazione debole all'ubicazione C:\Esperimenti\sample-getting-started\target\liberty\wlp\usr\servers\sampleAppServer\apps\io.openliberty.sample.getting.started.war.xml.
[16/02/21 16.51.12:893 CET] 00000022 com.ibm.ws.webcontainer.osgi.webapp.WebGroup                 I SRVE0169I: caricamento del modulo web in corso: health.
[16/02/21 16.51.12:892 CET] 00000021 com.ibm.ws.webcontainer.osgi.webapp.WebGroup                 I SRVE0169I: caricamento del modulo web in corso: PublicMicroProfileMetrics.
[16/02/21 16.51.12:897 CET] 00000022 com.ibm.ws.webcontainer                                      I SRVE0250I: Il modulo Web health è stato collegato a default_host.
[16/02/21 16.51.12:897 CET] 00000021 com.ibm.ws.webcontainer                                      I SRVE0250I: Il modulo Web PublicMicroProfileMetrics è stato collegato a default_host.
[16/02/21 16.51.12:900 CET] 00000022 com.ibm.ws.http.internal.VirtualHostImpl                     A CWWKT0016I: Applicazione Web disponibile (default_host): http://laptop-hoomlnrg:9080/health/
[16/02/21 16.51.12:902 CET] 00000021 com.ibm.ws.http.internal.VirtualHostImpl                     A CWWKT0016I: Applicazione Web disponibile (default_host): http://laptop-hoomlnrg:9080/metrics/
[16/02/21 16.51.12:917 CET] 00000024 com.ibm.ws.webcontainer.osgi.webapp.WebGroup                 I SRVE0169I: caricamento del modulo web in corso: ibm/api.
[16/02/21 16.51.12:917 CET] 00000024 com.ibm.ws.webcontainer                                      I SRVE0250I: Il modulo Web ibm/api è stato collegato a default_host.
[16/02/21 16.51.12:917 CET] 00000024 com.ibm.ws.http.internal.VirtualHostImpl                     A CWWKT0016I: Applicazione Web disponibile (default_host): http://laptop-hoomlnrg:9080/ibm/api/
[16/02/21 16.51.12:966 CET] 00000031 com.ibm.ws.session.WASSessionCore                            I SESN0176I: Verrà creato un nuovo contesto di sessione per la chiave dell'applicazione default_host/health
[16/02/21 16.51.12:966 CET] 00000033 com.ibm.ws.session.WASSessionCore                            I SESN0176I: Verrà creato un nuovo contesto di sessione per la chiave dell'applicazione default_host/ibm/api
[16/02/21 16.51.12:966 CET] 00000032 com.ibm.ws.session.WASSessionCore                            I SESN0176I: Verrà creato un nuovo contesto di sessione per la chiave dell'applicazione default_host/metrics
[16/02/21 16.51.12:999 CET] 00000031 com.ibm.ws.util                                              I SESN0172I: Il gestore sessione utilizza l'implementazione SecureRandom predefinita Java per la generazione dell'ID sessione.
[16/02/21 16.51.13:004 CET] 00000026 org.jboss.weld.Version                                       I WELD-000900: 3.1.4 (Final)
[16/02/21 16.51.13:006 CET] 00000032 com.ibm.ws.util                                              I SESN0172I: Il gestore sessione utilizza l'implementazione SecureRandom predefinita Java per la generazione dell'ID sessione.
[16/02/21 16.51.13:007 CET] 00000033 com.ibm.ws.util                                              I SESN0172I: Il gestore sessione utilizza l'implementazione SecureRandom predefinita Java per la generazione dell'ID sessione.
[16/02/21 16.51.13:067 CET] 00000031 com.ibm.ws.cache.CacheServiceImpl                            I DYNA1056I: La cache dinamica (cache degli oggetti) è stata inizializzata correttamente.
[16/02/21 16.51.13:093 CET] 00000031 com.ibm.ws.webcontainer.servlet                              I SRVE0242I: [com.ibm.ws.microprofile.health.2.0] [/health] [HealthCheckReadinessServlet]: Inizializzazione riuscita.
[16/02/21 16.51.13:094 CET] 00000031 com.ibm.ws.webcontainer.servlet                              I SRVE0242I: [com.ibm.ws.microprofile.health.2.0] [/health] [HealthCheckServlet]: Inizializzazione riuscita.
[16/02/21 16.51.13:095 CET] 00000031 com.ibm.ws.webcontainer.servlet                              I SRVE0242I: [com.ibm.ws.microprofile.health.2.0] [/health] [HealthCheckLivenessServlet]: Inizializzazione riuscita.
[16/02/21 16.51.13:113 CET] 00000032 com.ibm.ws.webcontainer.servlet                              I SRVE0242I: [com.ibm.ws.microprofile.metrics.public] [/metrics] [PublicMetricsRESTProxyServlet]: Inizializzazione riuscita.
[16/02/21 16.51.13:703 CET] 00000034 com.ibm.ws.webcontainer.osgi.mbeans.PluginGenerator          I SRVE9103I: È stato generato automaticamente un file di configurazione per un plugin server web per questo server in C:\Esperimenti\sample-getting-started\target\liberty\wlp\usr\servers\sampleAppServer\logs\state\plugin-cfg.xml.
[16/02/21 16.51.13:736 CET] 00000026 com.ibm.ws.webcontainer.osgi.webapp.WebGroup                 I SRVE0169I: caricamento del modulo web in corso: Liberty Project.
[16/02/21 16.51.13:736 CET] 00000026 com.ibm.ws.webcontainer                                      I SRVE0250I: Il modulo Web Liberty Project è stato collegato a default_host.
[16/02/21 16.51.13:736 CET] 00000026 com.ibm.ws.http.internal.VirtualHostImpl                     A CWWKT0016I: Applicazione Web disponibile (default_host): http://laptop-hoomlnrg:9080/
[16/02/21 16.51.13:739 CET] 0000002c com.ibm.ws.session.WASSessionCore                            I SESN0176I: Verrà creato un nuovo contesto di sessione per la chiave dell'applicazione default_host/
[16/02/21 16.51.13:739 CET] 0000002c com.ibm.ws.util                                              I SESN0172I: Il gestore sessione utilizza l'implementazione SecureRandom predefinita Java per la generazione dell'ID sessione.
[16/02/21 16.51.13:758 CET] 0000002c com.ibm.ws.app.manager.AppMessageHelper                      A CWWKZ0001I: Applicazione io.openliberty.sample.getting.started avviata in 1,137 secondi.
[16/02/21 16.51.13:771 CET] 00000020 com.ibm.ws.tcpchannel.internal.TCPPort                       I CWWKO0219I: Il canale TCP defaultHttpEndpoint è stato avviato ed ora è in ascolto delle richieste sull'host *  (IPv6) porta 9080.
[16/02/21 16.51.13:773 CET] 00000020 com.ibm.ws.tcpchannel.internal.TCPPort                       I CWWKO0219I: Il canale TCP defaultHttpEndpoint-ssl è stato avviato ed ora è in ascolto delle richieste sull'host *  (IPv6) porta 9443.
[16/02/21 16.51.13:783 CET] 00000020 com.ibm.ws.kernel.feature.internal.FeatureManager            A CWWKF0012I: Il server ha installato le seguenti funzioni: [cdi-2.0, distributedMap-1.0, jaxrs-2.1, jaxrsClient-2.1, jndi-1.0, json-1.0, jsonp-1.1, monitor-1.0, mpConfig-1.4, mpHealth-2.2, mpMetrics-2.3, servlet-4.0, ssl-1.0].
[16/02/21 16.51.13:784 CET] 00000020 com.ibm.ws.kernel.feature.internal.FeatureManager            I CWWKF0008I: Aggiornamento funzioni completato in 4,608 secondi.
[16/02/21 16.51.13:784 CET] 00000020 com.ibm.ws.kernel.feature.internal.FeatureManager            A CWWKF0011I: Il server sampleAppServer è pronto per "un pianeta più intelligente". Server sampleAppServer avviato in 6,400 secondi.
[16/02/21 16.51.14:363 CET] 00000022 com.ibm.ws.webcontainer.osgi.mbeans.PluginGenerator          I SRVE9103I: È stato generato automaticamente un file di configurazione per un plugin server web per questo server in C:\Esperimenti\sample-getting-started\target\liberty\wlp\usr\servers\sampleAppServer\logs\state\plugin-cfg.xml.
[16/02/21 16.56.01:654 CET] 00000022 com.ibm.ws.http.internal.VirtualHostImpl                     A CWWKT0017I: Applicazione Web rimossa (default_host): http://laptop-hoomlnrg:9080/
[16/02/21 16.56.01:673 CET] 00000022 com.ibm.ws.app.manager.AppMessageHelper                      A CWWKZ0009I: Applicazione io.openliberty.sample.getting.started arrestata correttamente.
[16/02/21 16.56.01:678 CET] 00000022 com.ibm.ws.app.manager.AppMessageHelper                      I CWWKZ0018I: Avvio dell'applicazione io.openliberty.sample.getting.started.
[16/02/21 16.56.01:678 CET] 00000022 bm.ws.app.manager.war.internal.WARDeployedAppInfoFactoryImpl I CWWKZ0134I: L'applicazione io.openliberty.sample.getting.started sta utilizzando la definizione applicazione debole all'ubicazione C:\Esperimenti\sample-getting-started\target\liberty\wlp\usr\servers\sampleAppServer\apps\io.openliberty.sample.getting.started.war.xml.
[16/02/21 16.56.01:933 CET] 00000022 com.ibm.ws.webcontainer.osgi.webapp.WebGroup                 I SRVE0169I: caricamento del modulo web in corso: Liberty Project.
[16/02/21 16.56.01:933 CET] 00000022 com.ibm.ws.webcontainer                                      I SRVE0250I: Il modulo Web Liberty Project è stato collegato a default_host.
[16/02/21 16.56.01:933 CET] 00000022 com.ibm.ws.http.internal.VirtualHostImpl                     A CWWKT0016I: Applicazione Web disponibile (default_host): http://laptop-hoomlnrg:9080/
[16/02/21 16.56.01:934 CET] 00000062 com.ibm.ws.session.WASSessionCore                            I SESN0176I: Verrà creato un nuovo contesto di sessione per la chiave dell'applicazione default_host/
[16/02/21 16.56.01:934 CET] 00000062 com.ibm.ws.util                                              I SESN0172I: Il gestore sessione utilizza l'implementazione SecureRandom predefinita Java per la generazione dell'ID sessione.
[16/02/21 16.56.01:937 CET] 00000062 com.ibm.ws.app.manager.AppMessageHelper                      A CWWKZ0003I: L'applicazione io.openliberty.sample.getting.started è stata aggiornata in 0,259 secondi.
[16/02/21 17.05.02:941 CET] 00000068 com.ibm.ws.http.internal.VirtualHostImpl                     A CWWKT0017I: Applicazione Web rimossa (default_host): http://laptop-hoomlnrg:9080/
[16/02/21 17.05.02:954 CET] 00000068 com.ibm.ws.app.manager.AppMessageHelper                      A CWWKZ0009I: Applicazione io.openliberty.sample.getting.started arrestata correttamente.
[16/02/21 17.05.02:966 CET] 00000068 com.ibm.ws.app.manager.AppMessageHelper                      I CWWKZ0018I: Avvio dell'applicazione io.openliberty.sample.getting.started.
[16/02/21 17.05.02:966 CET] 00000068 bm.ws.app.manager.war.internal.WARDeployedAppInfoFactoryImpl I CWWKZ0134I: L'applicazione io.openliberty.sample.getting.started sta utilizzando la definizione applicazione debole all'ubicazione C:\Esperimenti\sample-getting-started\target\liberty\wlp\usr\servers\sampleAppServer\apps\io.openliberty.sample.getting.started.war.xml.
[16/02/21 17.05.03:283 CET] 00000068 com.ibm.ws.webcontainer.osgi.webapp.WebGroup                 I SRVE0169I: caricamento del modulo web in corso: Liberty Project.
[16/02/21 17.05.03:283 CET] 00000068 com.ibm.ws.webcontainer                                      I SRVE0250I: Il modulo Web Liberty Project è stato collegato a default_host.
[16/02/21 17.05.03:283 CET] 00000068 com.ibm.ws.http.internal.VirtualHostImpl                     A CWWKT0016I: Applicazione Web disponibile (default_host): http://laptop-hoomlnrg:9080/
[16/02/21 17.05.03:285 CET] 00000020 com.ibm.ws.session.WASSessionCore                            I SESN0176I: Verrà creato un nuovo contesto di sessione per la chiave dell'applicazione default_host/
[16/02/21 17.05.03:285 CET] 00000020 com.ibm.ws.util                                              I SESN0172I: Il gestore sessione utilizza l'implementazione SecureRandom predefinita Java per la generazione dell'ID sessione.
[16/02/21 17.05.03:287 CET] 00000020 com.ibm.ws.app.manager.AppMessageHelper                      A CWWKZ0003I: L'applicazione io.openliberty.sample.getting.started è stata aggiornata in 0,321 secondi.
[16/02/21 17.05.32:839 CET] 000000a2 com.ibm.ws.config.xml.internal.ConfigRefresher               A CWWKG0016I: Avvio dell'aggiornamento della configurazione del server.
[16/02/21 17.05.32:841 CET] 000000a2 com.ibm.ws.config.xml.internal.ServerXMLConfiguration        A CWWKG0093A: Elaborazione risorsa di drop-in di configurazione: C:\Esperimenti\sample-getting-started\target\liberty\wlp\usr\servers\sampleAppServer\configDropins\overrides\liberty-plugin-variable-config.xml
[16/02/21 17.05.32:847 CET] 000000a2 com.ibm.ws.config.xml.internal.ConfigRefresher               A CWWKG0018I: La configurazione del server non è stata aggiornata. Non sono state rilevate modifiche funzionali.
[16/02/21 17.05.34:079 CET] 00000059 com.ibm.ws.config.xml.internal.ConfigRefresher               A CWWKG0016I: Avvio dell'aggiornamento della configurazione del server.
[16/02/21 17.05.34:082 CET] 00000059 com.ibm.ws.config.xml.internal.ServerXMLConfiguration        A CWWKG0093A: Elaborazione risorsa di drop-in di configurazione: C:\Esperimenti\sample-getting-started\target\liberty\wlp\usr\servers\sampleAppServer\configDropins\overrides\liberty-plugin-variable-config.xml
[16/02/21 17.05.34:086 CET] 00000059 com.ibm.ws.config.xml.internal.ConfigRefresher               A CWWKG0018I: La configurazione del server non è stata aggiornata. Non sono state rilevate modifiche funzionali.
[16/02/21 17.05.34:179 CET] 00000068 com.ibm.ws.http.internal.VirtualHostImpl                     A CWWKT0017I: Applicazione Web rimossa (default_host): http://laptop-hoomlnrg:9080/
[16/02/21 17.05.34:185 CET] 00000068 com.ibm.ws.app.manager.AppMessageHelper                      A CWWKZ0009I: Applicazione io.openliberty.sample.getting.started arrestata correttamente.
[16/02/21 17.05.34:191 CET] 00000068 com.ibm.ws.app.manager.AppMessageHelper                      I CWWKZ0018I: Avvio dell'applicazione io.openliberty.sample.getting.started.
[16/02/21 17.05.34:191 CET] 00000068 bm.ws.app.manager.war.internal.WARDeployedAppInfoFactoryImpl I CWWKZ0134I: L'applicazione io.openliberty.sample.getting.started sta utilizzando la definizione applicazione debole all'ubicazione C:\Esperimenti\sample-getting-started\target\liberty\wlp\usr\servers\sampleAppServer\apps\io.openliberty.sample.getting.started.war.xml.
[16/02/21 17.05.34:376 CET] 00000068 com.ibm.ws.webcontainer.osgi.webapp.WebGroup                 I SRVE0169I: caricamento del modulo web in corso: Liberty Project.
[16/02/21 17.05.34:376 CET] 00000068 com.ibm.ws.webcontainer                                      I SRVE0250I: Il modulo Web Liberty Project è stato collegato a default_host.
[16/02/21 17.05.34:376 CET] 00000068 com.ibm.ws.http.internal.VirtualHostImpl                     A CWWKT0016I: Applicazione Web disponibile (default_host): http://laptop-hoomlnrg:9080/
[16/02/21 17.05.34:377 CET] 000000cb com.ibm.ws.session.WASSessionCore                            I SESN0176I: Verrà creato un nuovo contesto di sessione per la chiave dell'applicazione default_host/
[16/02/21 17.05.34:378 CET] 000000cb com.ibm.ws.util                                              I SESN0172I: Il gestore sessione utilizza l'implementazione SecureRandom predefinita Java per la generazione dell'ID sessione.
[16/02/21 17.05.34:380 CET] 000000cb com.ibm.ws.app.manager.AppMessageHelper                      A CWWKZ0003I: L'applicazione io.openliberty.sample.getting.started è stata aggiornata in 0,189 secondi.
[16/02/21 17.06.05:067 CET] 00000011 com.ibm.ws.kernel.launch.internal.ServerCommandListener      A CWWKE0055I: Arresto del server richiesto il martedì 16 febbraio 2021 alle 17.06. Il server sampleAppServer è in fase di arresto.
[16/02/21 17.06.05:069 CET] 00000182 com.ibm.ws.runtime.update.internal.RuntimeUpdateManagerImpl  A CWWKE1100I: Si attenderanno 30 secondi perché il server passi in stato quiesce.
[16/02/21 17.06.05:215 CET] 00000176 com.ibm.ws.tcpchannel.internal.TCPChannel                    I CWWKO0220I: Il canale TCP defaultHttpEndpoint-ssl non è più in ascolto delle richieste sull'host *  (IPv6) porta 9443.
[16/02/21 17.06.05:216 CET] 00000176 com.ibm.ws.tcpchannel.internal.TCPChannel                    I CWWKO0220I: Il canale TCP defaultHttpEndpoint non è più in ascolto delle richieste sull'host *  (IPv6) porta 9080.
[16/02/21 17.06.05:216 CET] 00000176 com.ibm.ws.http.internal.VirtualHostImpl                     A CWWKT0017I: Applicazione Web rimossa (default_host): http://laptop-hoomlnrg:9080/health/
[16/02/21 17.06.05:217 CET] 00000176 com.ibm.ws.http.internal.VirtualHostImpl                     A CWWKT0017I: Applicazione Web rimossa (default_host): http://laptop-hoomlnrg:9080/metrics/
[16/02/21 17.06.05:217 CET] 00000176 com.ibm.ws.http.internal.VirtualHostImpl                     A CWWKT0017I: Applicazione Web rimossa (default_host): http://laptop-hoomlnrg:9080/
[16/02/21 17.06.05:217 CET] 00000176 com.ibm.ws.http.internal.VirtualHostImpl                     A CWWKT0017I: Applicazione Web rimossa (default_host): http://laptop-hoomlnrg:9080/ibm/api/
[16/02/21 17.06.06:226 CET] 00000182 com.ibm.ws.runtime.update.internal.RuntimeUpdateManagerImpl  I CWWKE1101I: Esecuzione del quiesce del server completata.
[16/02/21 17.06.06:297 CET] 0000013f com.ibm.ws.app.manager.AppMessageHelper                      A CWWKZ0009I: Applicazione io.openliberty.sample.getting.started arrestata correttamente.
[16/02/21 17.06.06:307 CET] 00000182 com.ibm.ws.webcontainer.servlet                              I SRVE0253I: [com.ibm.ws.microprofile.metrics.public] [/metrics] [PublicMetricsRESTProxyServlet]: Destroy riuscito.
[16/02/21 17.06.06:313 CET] 00000182 com.ibm.ws.webcontainer.servlet                              I SRVE0253I: [com.ibm.ws.microprofile.health.2.0] [/health] [HealthCheckReadinessServlet]: Destroy riuscito.
[16/02/21 17.06.06:313 CET] 00000182 com.ibm.ws.webcontainer.servlet                              I SRVE0253I: [com.ibm.ws.microprofile.health.2.0] [/health] [HealthCheckLivenessServlet]: Destroy riuscito.
[16/02/21 17.06.06:313 CET] 00000182 com.ibm.ws.webcontainer.servlet                              I SRVE0253I: [com.ibm.ws.microprofile.health.2.0] [/health] [HealthCheckServlet]: Destroy riuscito.
[16/02/21 17.06.06:873 CET] 00000182 om.ibm.ws.microprofile.metrics.monitor.MonitorMetricsHandler I CWPMI2004I: Tutte le metriche di monitoraggio sono state deregistrate da mpMetrics.
[16/02/21 17.06.07:476 CET] 00000182 com.ibm.ws.security.ready.internal.SecurityReadyServiceImpl  I CWWKS0009I: Il servizio di sicurezza è stato arrestato.
[16/02/21 17.06.07:761 CET] 00000182 ibm.ws.security.authentication.internal.jaas.JAASServiceImpl I CWWKS1124I: Il plug-in di autenticazione collective con il nome classe NullCollectiveAuthenticationPlugin è stato disattivato. 
[16/02/21 17.06.14:036 CET] 00000001 com.ibm.ws.kernel.launch.internal.FrameworkManager           A CWWKE0036I: Il server sampleAppServer è stato arrestato dopo 15 minuti, 6,651 secondi.
