********************************************************************************
product = Open Liberty 21.0.0.2 (wlp-1.0.49.cl210220210209-1100)
wlp.install.dir = C:/Esperimenti/sample-getting-started/target/liberty/wlp/
java.home = C:\Oracle\Middleware12.2.1.3\oracle_common\jdk\jre
java.version = 1.8.0_131
java.runtime = Java(TM) SE Runtime Environment (1.8.0_131-b11)
os = Windows 10 (10.0; amd64) (it_IT)
process = 26864@LAPTOP-HOOMLNRG
********************************************************************************
[18/03/21 16.31.14:446 CET] 00000001 com.ibm.ws.kernel.launch.internal.FrameworkManager           A CWWKE0001I: Il server sampleAppServer è stato avviato.
[18/03/21 16.31.15:413 CET] 00000019 com.ibm.ws.config.xml.internal.ServerXMLConfiguration        A CWWKG0093A: Elaborazione risorsa di drop-in di configurazione: C:\Esperimenti\sample-getting-started\target\liberty\wlp\usr\servers\sampleAppServer\configDropins\overrides\liberty-plugin-variable-config.xml
[18/03/21 16.31.15:571 CET] 00000001 com.ibm.ws.kernel.launch.internal.FrameworkManager           I CWWKE0002I: Kernel avviato dopo 1,296 secondi
[18/03/21 16.31.15:616 CET] 00000022 com.ibm.ws.kernel.feature.internal.FeatureManager            I CWWKF0007I: Aggiornamento funzioni avviato.
[18/03/21 16.31.16:391 CET] 00000018 .apache.cxf.cxf.core.3.2:1.0.49.cl210220210209-1100(id=177)] I Aries Blueprint packages not available. So namespaces will not be registered
[18/03/21 16.31.16:427 CET] 00000016 com.ibm.ws.security.ready.internal.SecurityReadyServiceImpl  I CWWKS0007I: Il servizio di sicurezza è in fase di avvio...
[18/03/21 16.31.16:656 CET] 0000001a com.ibm.ws.cache.ServerCache                                 I DYNA1001I: L'istanza della cache dinamica WebSphere denominata baseCache è stata inizializzata correttamente.
[18/03/21 16.31.16:659 CET] 0000001a com.ibm.ws.cache.ServerCache                                 I DYNA1071I: Si sta utilizzando il provider della cache default.
[18/03/21 16.31.16:660 CET] 0000001a com.ibm.ws.cache.CacheServiceImpl                            I DYNA1056I: La cache dinamica (cache degli oggetti) è stata inizializzata correttamente.
[18/03/21 16.31.17:537 CET] 0000002f com.ibm.ws.security.token.ltpa.LTPAKeyInfoManager            I CWWKS4103I: Creazione delle chiavi LTPA. Questa operazione potrebbe richiedere alcuni secondi.
[18/03/21 16.31.17:552 CET] 00000016 ibm.ws.security.authentication.internal.jaas.JAASServiceImpl I CWWKS1123I: Il plug-in di autenticazione collective con il nome classe NullCollectiveAuthenticationPlugin è stato attivato. 
[18/03/21 16.31.18:291 CET] 0000001e com.ibm.ws.ssl.config.WSKeyStore                             I CWPKI0802I: Creazione del certificato SSL. Questa operazione potrebbe richiedere alcuni secondi.
[18/03/21 16.31.18:293 CET] 0000002f com.ibm.ws.security.token.ltpa.LTPAKeyInfoManager            A CWWKS4104A: Chiavi LTPA create in 0,756 secondi. File della chiave LTPA: C:/Esperimenti/sample-getting-started/target/liberty/wlp/usr/servers/sampleAppServer/resources/security/ltpa.keys
[18/03/21 16.31.18:296 CET] 0000002f com.ibm.ws.security.token.ltpa.internal.LTPAKeyCreateTask    I CWWKS4105I: La configurazione LTPA è pronta dopo 0,763 secondi.
[18/03/21 16.31.18:409 CET] 00000016 com.ibm.ws.session.WASSessionCore                            I SESN8501I: Il gestore sessioni non ha trovato una ubicazione di storage persistente; gli oggetti HttpSession sono memorizzati nella memoria del server delle applicazioni locale.
[18/03/21 16.31.18:471 CET] 00000016 om.ibm.ws.microprofile.metrics.monitor.MonitorMetricsHandler I CWPMI2003I: Le metriche di monitoraggio possono essere richiamate tramite mpMetrics.
[18/03/21 16.31.18:782 CET] 0000003c com.ibm.ws.app.manager.AppMessageHelper                      I CWWKZ0018I: Avvio dell'applicazione io.openliberty.sample.getting.started.
[18/03/21 16.31.18:786 CET] 0000003c bm.ws.app.manager.war.internal.WARDeployedAppInfoFactoryImpl I CWWKZ0134I: L'applicazione io.openliberty.sample.getting.started sta utilizzando la definizione applicazione debole all'ubicazione C:\Esperimenti\sample-getting-started\target\liberty\wlp\usr\servers\sampleAppServer\apps\io.openliberty.sample.getting.started.war.xml.
[18/03/21 16.31.19:049 CET] 0000003a com.ibm.ws.webcontainer.osgi.webapp.WebGroup                 I SRVE0169I: caricamento del modulo web in corso: health.
[18/03/21 16.31.19:048 CET] 00000039 com.ibm.ws.webcontainer.osgi.webapp.WebGroup                 I SRVE0169I: caricamento del modulo web in corso: PublicMicroProfileMetrics.
[18/03/21 16.31.19:049 CET] 0000003b com.ibm.ws.webcontainer.osgi.webapp.WebGroup                 I SRVE0169I: caricamento del modulo web in corso: ibm/api.
[18/03/21 16.31.19:054 CET] 00000039 com.ibm.ws.webcontainer                                      I SRVE0250I: Il modulo Web PublicMicroProfileMetrics è stato collegato a default_host.
[18/03/21 16.31.19:054 CET] 0000003a com.ibm.ws.webcontainer                                      I SRVE0250I: Il modulo Web health è stato collegato a default_host.
[18/03/21 16.31.19:054 CET] 0000003b com.ibm.ws.webcontainer                                      I SRVE0250I: Il modulo Web ibm/api è stato collegato a default_host.
[18/03/21 16.31.19:055 CET] 00000039 com.ibm.ws.http.internal.VirtualHostImpl                     A CWWKT0016I: Applicazione Web disponibile (default_host): http://laptop-hoomlnrg:9080/metrics/
[18/03/21 16.31.19:058 CET] 0000003b com.ibm.ws.http.internal.VirtualHostImpl                     A CWWKT0016I: Applicazione Web disponibile (default_host): http://laptop-hoomlnrg:9080/ibm/api/
[18/03/21 16.31.19:058 CET] 0000003a com.ibm.ws.http.internal.VirtualHostImpl                     A CWWKT0016I: Applicazione Web disponibile (default_host): http://laptop-hoomlnrg:9080/health/
[18/03/21 16.31.19:133 CET] 00000042 com.ibm.ws.session.WASSessionCore                            I SESN0176I: Verrà creato un nuovo contesto di sessione per la chiave dell'applicazione default_host/ibm/api
[18/03/21 16.31.19:133 CET] 00000024 com.ibm.ws.session.WASSessionCore                            I SESN0176I: Verrà creato un nuovo contesto di sessione per la chiave dell'applicazione default_host/metrics
[18/03/21 16.31.19:133 CET] 00000025 com.ibm.ws.session.WASSessionCore                            I SESN0176I: Verrà creato un nuovo contesto di sessione per la chiave dell'applicazione default_host/health
[18/03/21 16.31.19:184 CET] 00000042 com.ibm.ws.util                                              I SESN0172I: Il gestore sessione utilizza l'implementazione SecureRandom predefinita Java per la generazione dell'ID sessione.
[18/03/21 16.31.19:195 CET] 00000025 com.ibm.ws.util                                              I SESN0172I: Il gestore sessione utilizza l'implementazione SecureRandom predefinita Java per la generazione dell'ID sessione.
[18/03/21 16.31.19:196 CET] 00000024 com.ibm.ws.util                                              I SESN0172I: Il gestore sessione utilizza l'implementazione SecureRandom predefinita Java per la generazione dell'ID sessione.
[18/03/21 16.31.19:297 CET] 00000042 com.ibm.ws.cache.CacheServiceImpl                            I DYNA1056I: La cache dinamica (cache degli oggetti) è stata inizializzata correttamente.
[18/03/21 16.31.19:381 CET] 00000025 com.ibm.ws.webcontainer.servlet                              I SRVE0242I: [com.ibm.ws.microprofile.health.2.0] [/health] [HealthCheckReadinessServlet]: Inizializzazione riuscita.
[18/03/21 16.31.19:383 CET] 00000025 com.ibm.ws.webcontainer.servlet                              I SRVE0242I: [com.ibm.ws.microprofile.health.2.0] [/health] [HealthCheckServlet]: Inizializzazione riuscita.
[18/03/21 16.31.19:383 CET] 00000025 com.ibm.ws.webcontainer.servlet                              I SRVE0242I: [com.ibm.ws.microprofile.health.2.0] [/health] [HealthCheckLivenessServlet]: Inizializzazione riuscita.
[18/03/21 16.31.19:418 CET] 00000024 com.ibm.ws.webcontainer.servlet                              I SRVE0242I: [com.ibm.ws.microprofile.metrics.public] [/metrics] [PublicMetricsRESTProxyServlet]: Inizializzazione riuscita.
[18/03/21 16.31.19:853 CET] 0000003c org.jboss.weld.Version                                       I WELD-000900: 3.1.4 (Final)
[18/03/21 16.31.20:233 CET] 00000026 com.ibm.ws.webcontainer.osgi.mbeans.PluginGenerator          I SRVE9103I: È stato generato automaticamente un file di configurazione per un plugin server web per questo server in C:\Esperimenti\sample-getting-started\target\liberty\wlp\usr\servers\sampleAppServer\logs\state\plugin-cfg.xml.
[18/03/21 16.31.20:576 CET] 0000001e com.ibm.ws.ssl.config.WSKeyStore                             A CWPKI0803A: Certificato SSL creato in 2,285 secondi. File della chiave SSL: C:/Esperimenti/sample-getting-started/target/liberty/wlp/usr/servers/sampleAppServer/resources/security/key.p12
[18/03/21 16.31.20:576 CET] 0000001e com.ibm.ws.ssl.config.WSKeyStore                             I Successfully loaded default keystore: C:/Esperimenti/sample-getting-started/target/liberty/wlp/usr/servers/sampleAppServer/resources/security/key.p12 of type: PKCS12
[18/03/21 16.31.21:340 CET] 0000003c com.ibm.ws.webcontainer.osgi.webapp.WebGroup                 I SRVE0169I: caricamento del modulo web in corso: Liberty Project.
[18/03/21 16.31.21:340 CET] 0000003c com.ibm.ws.webcontainer                                      I SRVE0250I: Il modulo Web Liberty Project è stato collegato a default_host.
[18/03/21 16.31.21:340 CET] 0000003c com.ibm.ws.http.internal.VirtualHostImpl                     A CWWKT0016I: Applicazione Web disponibile (default_host): http://laptop-hoomlnrg:9080/
[18/03/21 16.31.21:345 CET] 00000034 com.ibm.ws.session.WASSessionCore                            I SESN0176I: Verrà creato un nuovo contesto di sessione per la chiave dell'applicazione default_host/
[18/03/21 16.31.21:345 CET] 00000034 com.ibm.ws.util                                              I SESN0172I: Il gestore sessione utilizza l'implementazione SecureRandom predefinita Java per la generazione dell'ID sessione.
[18/03/21 16.31.21:374 CET] 00000034 com.ibm.ws.app.manager.AppMessageHelper                      A CWWKZ0001I: Applicazione io.openliberty.sample.getting.started avviata in 2,592 secondi.
[18/03/21 16.31.21:396 CET] 00000022 com.ibm.ws.tcpchannel.internal.TCPPort                       I CWWKO0219I: Il canale TCP defaultHttpEndpoint è stato avviato ed ora è in ascolto delle richieste sull'host *  (IPv6) porta 9080.
[18/03/21 16.31.21:399 CET] 00000022 com.ibm.ws.tcpchannel.internal.TCPPort                       I CWWKO0219I: Il canale TCP defaultHttpEndpoint-ssl è stato avviato ed ora è in ascolto delle richieste sull'host *  (IPv6) porta 9443.
[18/03/21 16.31.21:434 CET] 00000022 com.ibm.ws.kernel.feature.internal.FeatureManager            A CWWKF0012I: Il server ha installato le seguenti funzioni: [cdi-2.0, distributedMap-1.0, jaxrs-2.1, jaxrsClient-2.1, jndi-1.0, json-1.0, jsonp-1.1, monitor-1.0, mpConfig-1.4, mpHealth-2.2, mpMetrics-2.3, servlet-4.0, ssl-1.0].
[18/03/21 16.31.21:434 CET] 00000022 com.ibm.ws.kernel.feature.internal.FeatureManager            I CWWKF0008I: Aggiornamento funzioni completato in 5,865 secondi.
[18/03/21 16.31.21:434 CET] 00000022 com.ibm.ws.kernel.feature.internal.FeatureManager            A CWWKF0011I: Il server sampleAppServer è pronto per "un pianeta più intelligente". Server sampleAppServer avviato in 7,161 secondi.
[18/03/21 16.31.21:971 CET] 0000003b com.ibm.ws.webcontainer.osgi.mbeans.PluginGenerator          I SRVE9103I: È stato generato automaticamente un file di configurazione per un plugin server web per questo server in C:\Esperimenti\sample-getting-started\target\liberty\wlp\usr\servers\sampleAppServer\logs\state\plugin-cfg.xml.
[18/03/21 16.31.23:788 CET] 00000039 com.ibm.ws.http.internal.VirtualHostImpl                     A CWWKT0017I: Applicazione Web rimossa (default_host): http://laptop-hoomlnrg:9080/
[18/03/21 16.31.23:810 CET] 00000039 com.ibm.ws.app.manager.AppMessageHelper                      A CWWKZ0009I: Applicazione io.openliberty.sample.getting.started arrestata correttamente.
[18/03/21 16.31.23:815 CET] 00000039 com.ibm.ws.app.manager.AppMessageHelper                      I CWWKZ0018I: Avvio dell'applicazione io.openliberty.sample.getting.started.
[18/03/21 16.31.23:816 CET] 00000039 bm.ws.app.manager.war.internal.WARDeployedAppInfoFactoryImpl I CWWKZ0134I: L'applicazione io.openliberty.sample.getting.started sta utilizzando la definizione applicazione debole all'ubicazione C:\Esperimenti\sample-getting-started\target\liberty\wlp\usr\servers\sampleAppServer\apps\io.openliberty.sample.getting.started.war.xml.
[18/03/21 16.31.24:262 CET] 00000039 com.ibm.ws.webcontainer.osgi.webapp.WebGroup                 I SRVE0169I: caricamento del modulo web in corso: Liberty Project.
[18/03/21 16.31.24:262 CET] 00000039 com.ibm.ws.webcontainer                                      I SRVE0250I: Il modulo Web Liberty Project è stato collegato a default_host.
[18/03/21 16.31.24:262 CET] 00000039 com.ibm.ws.http.internal.VirtualHostImpl                     A CWWKT0016I: Applicazione Web disponibile (default_host): http://laptop-hoomlnrg:9080/
[18/03/21 16.31.24:263 CET] 00000033 com.ibm.ws.session.WASSessionCore                            I SESN0176I: Verrà creato un nuovo contesto di sessione per la chiave dell'applicazione default_host/
[18/03/21 16.31.24:264 CET] 00000033 com.ibm.ws.util                                              I SESN0172I: Il gestore sessione utilizza l'implementazione SecureRandom predefinita Java per la generazione dell'ID sessione.
[18/03/21 16.31.24:272 CET] 00000033 com.ibm.ws.app.manager.AppMessageHelper                      A CWWKZ0003I: L'applicazione io.openliberty.sample.getting.started è stata aggiornata in 0,457 secondi.
[18/03/21 16.31.40:848 CET] 0000003f .apache.cxf.cxf.core.3.2:1.0.49.cl210220210209-1100(id=177)] I Setting the server's publish address to be /system/
[18/03/21 16.31.40:903 CET] 0000003f com.ibm.ws.webcontainer.servlet                              I SRVE0242I: [io.openliberty.sample.getting.started] [/] [io.openliberty.sample.SampleApplication]: Inizializzazione riuscita.
[18/03/21 16.31.40:952 CET] 0000003f SystemErr                                                    R SLF4J: No SLF4J providers were found.
[18/03/21 16.31.40:952 CET] 0000003f SystemErr                                                    R SLF4J: Defaulting to no-operation (NOP) logger implementation
[18/03/21 16.31.40:952 CET] 0000003f SystemErr                                                    R SLF4J: See http://www.slf4j.org/codes.html#noProviders for further details.
[18/03/21 16.31.40:982 CET] 0000003f SystemOut                                                    O DENTRO IL METODO DI BISINESS: 0.0
[18/03/21 16.31.41:981 CET] 00000025 SystemOut                                                    O DENTRO IL METODO DI BISINESS: 0.116798
[18/03/21 16.31.42:979 CET] 0000002a SystemOut                                                    O DENTRO IL METODO DI BISINESS: 0.524756
[18/03/21 16.31.48:196 CET] 00000038 SystemOut                                                    O DENTRO IL METODO DI BISINESS: 0.0
[18/03/21 16.31.48:355 CET] 00000039 SystemOut                                                    O DENTRO IL METODO DI BISINESS: 0.0
[18/03/21 16.31.49:198 CET] 0000002f SystemOut                                                    O DENTRO IL METODO DI BISINESS: 0.664163
[18/03/21 16.33.50:692 CET] 00000025 SystemOut                                                    O DENTRO IL METODO DI BISINESS: 0.0
[18/03/21 16.34.02:050 CET] 0000003f SystemOut                                                    O DENTRO IL METODO DI BISINESS: 0.0
[18/03/21 16.34.02:218 CET] 00000037 SystemOut                                                    O DENTRO IL METODO DI BISINESS: 0.0
[18/03/21 16.34.03:052 CET] 00000036 SystemOut                                                    O DENTRO IL METODO DI BISINESS: 0.662699
[18/03/21 16.57.05:526 CET] 0000020c SystemOut                                                    O DENTRO IL METODO DI BISINESS: 0.0
[18/03/21 16.57.05:587 CET] 0000020d SystemOut                                                    O DENTRO IL METODO DI BISINESS: 0.0
[18/03/21 16.57.06:527 CET] 00000201 SystemOut                                                    O DENTRO IL METODO DI BISINESS: 0.860556
[18/03/21 16.57.07:526 CET] 0000021c SystemOut                                                    O DENTRO IL METODO DI BISINESS: 0.932346
[18/03/21 16.57.08:527 CET] 000001fb SystemOut                                                    O DENTRO IL METODO DI BISINESS: 0.932027
[18/03/21 16.57.09:526 CET] 0000020d SystemOut                                                    O DENTRO IL METODO DI BISINESS: 0.934401
[18/03/21 16.57.10:526 CET] 00000219 SystemOut                                                    O DENTRO IL METODO DI BISINESS: 0.91585
[18/03/21 16.57.11:527 CET] 00000213 SystemOut                                                    O DENTRO IL METODO DI BISINESS: 0.900856
[18/03/21 16.57.12:526 CET] 0000017c SystemOut                                                    O DENTRO IL METODO DI BISINESS: 0.92832
[18/03/21 16.57.13:528 CET] 00000201 SystemOut                                                    O DENTRO IL METODO DI BISINESS: 0.92996
[18/03/21 16.57.14:528 CET] 0000021c SystemOut                                                    O DENTRO IL METODO DI BISINESS: 0.950734
[18/03/21 16.57.15:526 CET] 000001d2 SystemOut                                                    O DENTRO IL METODO DI BISINESS: 0.937349
[18/03/21 16.57.16:527 CET] 0000020d SystemOut                                                    O DENTRO IL METODO DI BISINESS: 0.894109
[18/03/21 16.57.17:526 CET] 000001ea SystemOut                                                    O DENTRO IL METODO DI BISINESS: 0.927258
[18/03/21 16.57.18:526 CET] 0000020c SystemOut                                                    O DENTRO IL METODO DI BISINESS: 0.913687
[18/03/21 16.57.19:526 CET] 000001e5 SystemOut                                                    O DENTRO IL METODO DI BISINESS: 0.944238
[18/03/21 16.57.20:526 CET] 00000201 SystemOut                                                    O DENTRO IL METODO DI BISINESS: 0.939262
[18/03/21 16.57.21:526 CET] 000001e9 SystemOut                                                    O DENTRO IL METODO DI BISINESS: 0.895493
[18/03/21 16.57.22:527 CET] 000001d2 SystemOut                                                    O DENTRO IL METODO DI BISINESS: 0.919342
[18/03/21 16.57.23:526 CET] 000001e5 SystemOut                                                    O DENTRO IL METODO DI BISINESS: 0.937059
[18/03/21 16.57.24:526 CET] 000001ea SystemOut                                                    O DENTRO IL METODO DI BISINESS: 0.945056
[18/03/21 16.57.25:527 CET] 0000020c SystemOut                                                    O DENTRO IL METODO DI BISINESS: 0.921303
[18/03/21 16.57.26:527 CET] 000001e3 SystemOut                                                    O DENTRO IL METODO DI BISINESS: 0.909241
[18/03/21 16.57.27:527 CET] 00000201 SystemOut                                                    O DENTRO IL METODO DI BISINESS: 0.917295
[18/03/21 16.57.28:526 CET] 000001e9 SystemOut                                                    O DENTRO IL METODO DI BISINESS: 0.917433
[18/03/21 16.57.29:527 CET] 000001d2 SystemOut                                                    O DENTRO IL METODO DI BISINESS: 0.918429
[18/03/21 16.57.30:527 CET] 000001e5 SystemOut                                                    O DENTRO IL METODO DI BISINESS: 0.935021
[18/03/21 16.57.31:527 CET] 000001f9 SystemOut                                                    O DENTRO IL METODO DI BISINESS: 0.917088
[18/03/21 16.58.11:899 CET] 000001fb com.ibm.ws.http.internal.VirtualHostImpl                     A CWWKT0017I: Applicazione Web rimossa (default_host): http://laptop-hoomlnrg:9080/
[18/03/21 16.58.11:902 CET] 000001fb com.ibm.ws.webcontainer.servlet                              I SRVE0253I: [io.openliberty.sample.getting.started] [/] [io.openliberty.sample.SampleApplication]: Destroy riuscito.
[18/03/21 16.58.11:913 CET] 000001fb com.ibm.ws.app.manager.AppMessageHelper                      A CWWKZ0009I: Applicazione io.openliberty.sample.getting.started arrestata correttamente.
[18/03/21 16.58.11:924 CET] 000001fb com.ibm.ws.app.manager.AppMessageHelper                      I CWWKZ0018I: Avvio dell'applicazione io.openliberty.sample.getting.started.
[18/03/21 16.58.11:924 CET] 000001fb bm.ws.app.manager.war.internal.WARDeployedAppInfoFactoryImpl I CWWKZ0134I: L'applicazione io.openliberty.sample.getting.started sta utilizzando la definizione applicazione debole all'ubicazione C:\Esperimenti\sample-getting-started\target\liberty\wlp\usr\servers\sampleAppServer\apps\io.openliberty.sample.getting.started.war.xml.
[18/03/21 16.58.12:433 CET] 000001fb com.ibm.ws.webcontainer.osgi.webapp.WebGroup                 I SRVE0169I: caricamento del modulo web in corso: Liberty Project.
[18/03/21 16.58.12:433 CET] 000001fb com.ibm.ws.webcontainer                                      I SRVE0250I: Il modulo Web Liberty Project è stato collegato a default_host.
[18/03/21 16.58.12:433 CET] 000001fb com.ibm.ws.http.internal.VirtualHostImpl                     A CWWKT0016I: Applicazione Web disponibile (default_host): http://laptop-hoomlnrg:9080/
[18/03/21 16.58.12:434 CET] 00000209 com.ibm.ws.session.WASSessionCore                            I SESN0176I: Verrà creato un nuovo contesto di sessione per la chiave dell'applicazione default_host/
[18/03/21 16.58.12:435 CET] 00000209 com.ibm.ws.util                                              I SESN0172I: Il gestore sessione utilizza l'implementazione SecureRandom predefinita Java per la generazione dell'ID sessione.
[18/03/21 16.58.12:444 CET] 00000209 com.ibm.ws.app.manager.AppMessageHelper                      A CWWKZ0003I: L'applicazione io.openliberty.sample.getting.started è stata aggiornata in 0,520 secondi.
[18/03/21 16.58.12:970 CET] 000001e3 com.ibm.ws.http.internal.VirtualHostImpl                     A CWWKT0017I: Applicazione Web rimossa (default_host): http://laptop-hoomlnrg:9080/
[18/03/21 16.58.12:981 CET] 000001e3 com.ibm.ws.app.manager.AppMessageHelper                      A CWWKZ0009I: Applicazione io.openliberty.sample.getting.started arrestata correttamente.
[18/03/21 16.58.12:985 CET] 000001e3 com.ibm.ws.app.manager.AppMessageHelper                      I CWWKZ0018I: Avvio dell'applicazione io.openliberty.sample.getting.started.
[18/03/21 16.58.12:986 CET] 000001e3 bm.ws.app.manager.war.internal.WARDeployedAppInfoFactoryImpl I CWWKZ0134I: L'applicazione io.openliberty.sample.getting.started sta utilizzando la definizione applicazione debole all'ubicazione C:\Esperimenti\sample-getting-started\target\liberty\wlp\usr\servers\sampleAppServer\apps\io.openliberty.sample.getting.started.war.xml.
[18/03/21 16.58.13:183 CET] 00000218 com.ibm.ws.webcontainer.osgi.mbeans.PluginGenerator          I SRVE9103I: È stato generato automaticamente un file di configurazione per un plugin server web per questo server in C:\Esperimenti\sample-getting-started\target\liberty\wlp\usr\servers\sampleAppServer\logs\state\plugin-cfg.xml.
[18/03/21 16.58.13:381 CET] 000001e3 com.ibm.ws.webcontainer.osgi.webapp.WebGroup                 I SRVE0169I: caricamento del modulo web in corso: Liberty Project.
[18/03/21 16.58.13:381 CET] 000001e3 com.ibm.ws.webcontainer                                      I SRVE0250I: Il modulo Web Liberty Project è stato collegato a default_host.
[18/03/21 16.58.13:382 CET] 000001e3 com.ibm.ws.http.internal.VirtualHostImpl                     A CWWKT0016I: Applicazione Web disponibile (default_host): http://laptop-hoomlnrg:9080/
[18/03/21 16.58.13:383 CET] 000001d2 com.ibm.ws.session.WASSessionCore                            I SESN0176I: Verrà creato un nuovo contesto di sessione per la chiave dell'applicazione default_host/
[18/03/21 16.58.13:383 CET] 000001d2 com.ibm.ws.util                                              I SESN0172I: Il gestore sessione utilizza l'implementazione SecureRandom predefinita Java per la generazione dell'ID sessione.
[18/03/21 16.58.13:396 CET] 000001d2 com.ibm.ws.app.manager.AppMessageHelper                      A CWWKZ0003I: L'applicazione io.openliberty.sample.getting.started è stata aggiornata in 0,411 secondi.
[18/03/21 16.58.13:805 CET] 000001ea com.ibm.ws.webcontainer.osgi.mbeans.PluginGenerator          I SRVE9103I: È stato generato automaticamente un file di configurazione per un plugin server web per questo server in C:\Esperimenti\sample-getting-started\target\liberty\wlp\usr\servers\sampleAppServer\logs\state\plugin-cfg.xml.
[18/03/21 17.04.39:735 CET] 00000013 com.ibm.ws.kernel.launch.internal.ServerCommandListener      A CWWKE0055I: Arresto del server richiesto il giovedì 18 marzo 2021 alle 17.04. Il server sampleAppServer è in fase di arresto.
[18/03/21 17.04.39:738 CET] 00000276 com.ibm.ws.runtime.update.internal.RuntimeUpdateManagerImpl  A CWWKE1100I: Si attenderanno 30 secondi perché il server passi in stato quiesce.
[18/03/21 17.04.39:909 CET] 0000025a com.ibm.ws.tcpchannel.internal.TCPChannel                    I CWWKO0220I: Il canale TCP defaultHttpEndpoint-ssl non è più in ascolto delle richieste sull'host *  (IPv6) porta 9443.
[18/03/21 17.04.39:910 CET] 0000025a com.ibm.ws.tcpchannel.internal.TCPChannel                    I CWWKO0220I: Il canale TCP defaultHttpEndpoint non è più in ascolto delle richieste sull'host *  (IPv6) porta 9080.
[18/03/21 17.04.39:910 CET] 0000025a com.ibm.ws.http.internal.VirtualHostImpl                     A CWWKT0017I: Applicazione Web rimossa (default_host): http://laptop-hoomlnrg:9080/metrics/
[18/03/21 17.04.39:912 CET] 0000025a com.ibm.ws.http.internal.VirtualHostImpl                     A CWWKT0017I: Applicazione Web rimossa (default_host): http://laptop-hoomlnrg:9080/health/
[18/03/21 17.04.39:912 CET] 0000025a com.ibm.ws.http.internal.VirtualHostImpl                     A CWWKT0017I: Applicazione Web rimossa (default_host): http://laptop-hoomlnrg:9080/
[18/03/21 17.04.39:912 CET] 0000025a com.ibm.ws.http.internal.VirtualHostImpl                     A CWWKT0017I: Applicazione Web rimossa (default_host): http://laptop-hoomlnrg:9080/ibm/api/
[18/03/21 17.04.40:916 CET] 00000276 com.ibm.ws.runtime.update.internal.RuntimeUpdateManagerImpl  I CWWKE1101I: Esecuzione del quiesce del server completata.
[18/03/21 17.04.40:942 CET] 00000250 com.ibm.ws.app.manager.AppMessageHelper                      A CWWKZ0009I: Applicazione io.openliberty.sample.getting.started arrestata correttamente.
[18/03/21 17.04.40:964 CET] 00000276 com.ibm.ws.webcontainer.servlet                              I SRVE0253I: [com.ibm.ws.microprofile.metrics.public] [/metrics] [PublicMetricsRESTProxyServlet]: Destroy riuscito.
[18/03/21 17.04.40:969 CET] 00000276 com.ibm.ws.webcontainer.servlet                              I SRVE0253I: [com.ibm.ws.microprofile.health.2.0] [/health] [HealthCheckReadinessServlet]: Destroy riuscito.
[18/03/21 17.04.40:970 CET] 00000276 com.ibm.ws.webcontainer.servlet                              I SRVE0253I: [com.ibm.ws.microprofile.health.2.0] [/health] [HealthCheckLivenessServlet]: Destroy riuscito.
[18/03/21 17.04.40:970 CET] 00000276 com.ibm.ws.webcontainer.servlet                              I SRVE0253I: [com.ibm.ws.microprofile.health.2.0] [/health] [HealthCheckServlet]: Destroy riuscito.
[18/03/21 17.04.41:094 CET] 00000276 om.ibm.ws.microprofile.metrics.monitor.MonitorMetricsHandler I CWPMI2004I: Tutte le metriche di monitoraggio sono state deregistrate da mpMetrics.
[18/03/21 17.04.41:184 CET] 00000276 com.ibm.ws.security.ready.internal.SecurityReadyServiceImpl  I CWWKS0009I: Il servizio di sicurezza è stato arrestato.
[18/03/21 17.04.41:199 CET] 00000276 ibm.ws.security.authentication.internal.jaas.JAASServiceImpl I CWWKS1124I: Il plug-in di autenticazione collective con il nome classe NullCollectiveAuthenticationPlugin è stato disattivato. 
[18/03/21 17.04.41:646 CET] 00000001 com.ibm.ws.kernel.launch.internal.FrameworkManager           A CWWKE0036I: Il server sampleAppServer è stato arrestato dopo 33 minuti, 27,372 secondi.
